<?xml version="1.0" encoding="UTF-8"?>
<robot generator="Robot 6.0.2 (Python 3.10.9 on win32)" generated="20230905 11:20:45.897" rpa="false" schemaversion="3">
<suite id="s1" name="Robot Framework" source="C:\Users\Thippeswamy U-3061\PycharmProjects\Robot_Framework">
<suite id="s1-s1" name="Framework" source="C:\Users\Thippeswamy U-3061\PycharmProjects\Robot_Framework\framework">
<suite id="s1-s1-s1" name="TestCycles" source="C:\Users\Thippeswamy U-3061\PycharmProjects\Robot_Framework\framework\TestCycles">
<suite id="s1-s1-s1-s1" name="Module1" source="C:\Users\Thippeswamy U-3061\PycharmProjects\Robot_Framework\framework\TestCycles\Module1">
<suite id="s1-s1-s1-s1-s1" name="Testscenerio" source="C:\Users\Thippeswamy U-3061\PycharmProjects\Robot_Framework\framework\TestCycles\Module1\Testscenerio">
<suite id="s1-s1-s1-s1-s1-s1" name="Testcase1" source="C:\Users\Thippeswamy U-3061\PycharmProjects\Robot_Framework\framework\TestCycles\Module1\Testscenerio\testcase1.robot">
<test id="s1-s1-s1-s1-s1-s1-t1" name="Validate Orange Hrm Login page with Valid credentials" line="5">
<kw name="Launch_HRM_Login_page" library="login">
<kw name="Lanuch Browser" library="common_keywords">
<arg>${orange_portal_url}</arg>
<kw name="Open Browser" library="SeleniumLibrary">
<arg>${url}</arg>
<arg>firefox</arg>
<doc>Opens a new browser instance to the optional ``url``.</doc>
<msg timestamp="20230905 11:20:46.295" level="INFO">Opening browser 'firefox' to base url 'https://opensource-demo.orangehrmlive.com/web/index.php/auth/login'.</msg>
<msg timestamp="20230905 11:20:46.312" level="INFO">Firefox driver log is always forced to to: C:\Users\Thippeswamy U-3061\PycharmProjects\Robot_Framework\geckodriver-29.log</msg>
<status status="PASS" starttime="20230905 11:20:46.295" endtime="20230905 11:20:55.411"/>
</kw>
<status status="PASS" starttime="20230905 11:20:46.295" endtime="20230905 11:20:55.411"/>
</kw>
<kw name="Sleep" library="BuiltIn">
<arg>5s</arg>
<doc>Pauses the test executed for the given time.</doc>
<msg timestamp="20230905 11:21:00.416" level="INFO">Slept 5 seconds</msg>
<status status="PASS" starttime="20230905 11:20:55.411" endtime="20230905 11:21:00.416"/>
</kw>
<status status="PASS" starttime="20230905 11:20:46.295" endtime="20230905 11:21:00.416"/>
</kw>
<kw name="Pass the vaild credential for login page" library="login">
<kw name="Pass credentials for login" library="common_keywords">
<arg>${username_xpath}</arg>
<arg>${password_xpath}</arg>
<arg>${valid_username}</arg>
<arg>${valid_password}</arg>
<kw name="Input Text" library="SeleniumLibrary">
<arg>${user_xpath}</arg>
<arg>${username}</arg>
<doc>Types the given ``text`` into the text field identified by ``locator``.</doc>
<msg timestamp="20230905 11:21:00.418" level="INFO">Typing text 'Admin' into text field 'xpath://input[@name='username']'.</msg>
<status status="PASS" starttime="20230905 11:21:00.418" endtime="20230905 11:21:00.474"/>
</kw>
<kw name="Input Text" library="SeleniumLibrary">
<arg>${pass_xpath}</arg>
<arg>${password}</arg>
<doc>Types the given ``text`` into the text field identified by ``locator``.</doc>
<msg timestamp="20230905 11:21:00.480" level="INFO">Typing text 'admin123' into text field 'xpath://input[@type='password']'.</msg>
<status status="PASS" starttime="20230905 11:21:00.474" endtime="20230905 11:21:00.505"/>
</kw>
<status status="PASS" starttime="20230905 11:21:00.418" endtime="20230905 11:21:00.506"/>
</kw>
<status status="PASS" starttime="20230905 11:21:00.416" endtime="20230905 11:21:00.506"/>
</kw>
<kw name="Click On Login Button" library="login">
<kw name="Click On Button" library="common_keywords">
<arg>${login_button}</arg>
<kw name="Click Button" library="SeleniumLibrary">
<arg>${Button_xpath}</arg>
<doc>Clicks the button identified by ``locator``.</doc>
<msg timestamp="20230905 11:21:00.508" level="INFO">Clicking button 'xpath://button[@type='submit']'.</msg>
<status status="PASS" starttime="20230905 11:21:00.507" endtime="20230905 11:21:01.711"/>
</kw>
<status status="PASS" starttime="20230905 11:21:00.507" endtime="20230905 11:21:01.711"/>
</kw>
<kw name="Sleep" library="BuiltIn">
<arg>5s</arg>
<doc>Pauses the test executed for the given time.</doc>
<msg timestamp="20230905 11:21:06.712" level="INFO">Slept 5 seconds</msg>
<status status="PASS" starttime="20230905 11:21:01.711" endtime="20230905 11:21:06.712"/>
</kw>
<status status="PASS" starttime="20230905 11:21:00.506" endtime="20230905 11:21:06.712"/>
</kw>
<kw name="Verify Login page Navigate to HomePage" library="login">
<kw name="Wait Until Page Contains Element" library="SeleniumLibrary">
<arg>${dashboard_text_xpath}</arg>
<arg>timeout=10s</arg>
<doc>Waits until the element ``locator`` appears on the current page.</doc>
<status status="PASS" starttime="20230905 11:21:06.712" endtime="20230905 11:21:06.720"/>
</kw>
<kw name="Get Text" library="SeleniumLibrary">
<var>${word}</var>
<arg>${dashboard_text_xpath}</arg>
<doc>Returns the text value of the element identified by ``locator``.</doc>
<msg timestamp="20230905 11:21:06.753" level="INFO">${word} = Dashboard</msg>
<status status="PASS" starttime="20230905 11:21:06.720" endtime="20230905 11:21:06.754"/>
</kw>
<kw name="Run Keyword If" library="BuiltIn">
<arg>"${word}" != "Dashboard"</arg>
<arg>Log</arg>
<arg>It's not navigated to the home page</arg>
<doc>Runs the given keyword with the given arguments, if ``condition`` is true.</doc>
<status status="PASS" starttime="20230905 11:21:06.754" endtime="20230905 11:21:06.754"/>
</kw>
<kw name="Close Browser" library="SeleniumLibrary" type="TEARDOWN">
<doc>Closes the current browser.</doc>
<status status="PASS" starttime="20230905 11:21:06.754" endtime="20230905 11:21:07.532"/>
</kw>
<status status="PASS" starttime="20230905 11:21:06.712" endtime="20230905 11:21:07.532"/>
</kw>
<status status="PASS" starttime="20230905 11:20:46.295" endtime="20230905 11:21:07.532"/>
</test>
<status status="PASS" starttime="20230905 11:20:45.937" endtime="20230905 11:21:07.540"/>
</suite>
<status status="PASS" starttime="20230905 11:20:45.929" endtime="20230905 11:21:07.540"/>
</suite>
<status status="PASS" starttime="20230905 11:20:45.929" endtime="20230905 11:21:07.548"/>
</suite>
<status status="PASS" starttime="20230905 11:20:45.929" endtime="20230905 11:21:07.548"/>
</suite>
<status status="PASS" starttime="20230905 11:20:45.929" endtime="20230905 11:21:07.556"/>
</suite>
<status status="PASS" starttime="20230905 11:20:45.903" endtime="20230905 11:21:07.556"/>
</suite>
<statistics>
<total>
<stat pass="1" fail="0" skip="0">All Tests</stat>
</total>
<tag>
</tag>
<suite>
<stat pass="1" fail="0" skip="0" id="s1" name="Robot Framework">Robot Framework</stat>
<stat pass="1" fail="0" skip="0" id="s1-s1" name="Framework">Robot Framework.Framework</stat>
<stat pass="1" fail="0" skip="0" id="s1-s1-s1" name="TestCycles">Robot Framework.Framework.TestCycles</stat>
<stat pass="1" fail="0" skip="0" id="s1-s1-s1-s1" name="Module1">Robot Framework.Framework.TestCycles.Module1</stat>
<stat pass="1" fail="0" skip="0" id="s1-s1-s1-s1-s1" name="Testscenerio">Robot Framework.Framework.TestCycles.Module1.Testscenerio</stat>
<stat pass="1" fail="0" skip="0" id="s1-s1-s1-s1-s1-s1" name="Testcase1">Robot Framework.Framework.TestCycles.Module1.Testscenerio.Testcase1</stat>
</suite>
</statistics>
<errors>
</errors>
</robot>
