<?xml version="1.0" encoding="UTF-8"?>
<robot generator="Robot 6.1.1 (Python 3.11.5 on win32)" generated="20230905 14:43:29.573" rpa="false" schemaversion="4">
<suite id="s1" name="Testcase2" source="C:\Users\Sowjanya N-3147\Documents\python programs\Robot_12\Robot_Framework\framework\TestCycles\Module1\Testscenerio\testcase2.robot">
<test id="s1-t1" name="Validate Guru Login page with Valid credentials" line="5">
<kw name="Launch_Guru99_Login_page" library="guru99_login">
<kw name="Lanuch Browser" library="common_keywords">
<arg>${guru99_portal}</arg>
<kw name="Open Browser" library="SeleniumLibrary">
<arg>${url}</arg>
<arg>chrome</arg>
<doc>Opens a new browser instance to the optional ``url``.</doc>
<msg timestamp="20230905 14:43:29.963" level="INFO">Opening browser 'chrome' to base url 'https://demo.guru99.com/test/newtours/login.php'.</msg>
<status status="PASS" starttime="20230905 14:43:29.962" endtime="20230905 14:43:35.994"/>
</kw>
<status status="PASS" starttime="20230905 14:43:29.962" endtime="20230905 14:43:35.994"/>
</kw>
<kw name="Maximize Browser Window" library="SeleniumLibrary">
<doc>Maximizes current browser window.</doc>
<status status="PASS" starttime="20230905 14:43:35.995" endtime="20230905 14:43:36.112"/>
</kw>
<status status="PASS" starttime="20230905 14:43:29.962" endtime="20230905 14:43:36.112"/>
</kw>
<kw name="Pass the vaild credential for login page" library="guru99_login">
<kw name="Pass credentials for login" library="common_keywords">
<arg>${usrname_xpath}</arg>
<arg>${password_xpath}</arg>
<arg>${valid_username}</arg>
<arg>${valid_password}</arg>
<kw name="Input Text" library="SeleniumLibrary">
<arg>${user_xpath}</arg>
<arg>${username}</arg>
<doc>Types the given ``text`` into the text field identified by ``locator``.</doc>
<msg timestamp="20230905 14:43:36.114" level="INFO">Typing text 'sowjanya' into text field 'xpath://form[@name='register']/table//descendant::input[@name='userName']'.</msg>
<status status="PASS" starttime="20230905 14:43:36.114" endtime="20230905 14:43:36.343"/>
</kw>
<kw name="Input Text" library="SeleniumLibrary">
<arg>${pass_xpath}</arg>
<arg>${password}</arg>
<doc>Types the given ``text`` into the text field identified by ``locator``.</doc>
<msg timestamp="20230905 14:43:36.344" level="INFO">Typing text '12345678' into text field 'xpath://form[@name='register']/table//descendant::input[@name='password']'.</msg>
<status status="PASS" starttime="20230905 14:43:36.343" endtime="20230905 14:43:36.518"/>
</kw>
<status status="PASS" starttime="20230905 14:43:36.113" endtime="20230905 14:43:36.519"/>
</kw>
<status status="PASS" starttime="20230905 14:43:36.113" endtime="20230905 14:43:36.519"/>
</kw>
<kw name="Click On Login Button" library="guru99_login">
<kw name="Click On Button" library="common_keywords">
<arg>${login_button_xpath}</arg>
<kw name="Click Button" library="SeleniumLibrary">
<arg>${Button_xpath}</arg>
<doc>Clicks the button identified by ``locator``.</doc>
<msg timestamp="20230905 14:43:36.520" level="INFO">Clicking button 'xpath://form[@name='register']/table//descendant::input[@name='submit']'.</msg>
<status status="PASS" starttime="20230905 14:43:36.519" endtime="20230905 14:43:38.944"/>
</kw>
<status status="PASS" starttime="20230905 14:43:36.519" endtime="20230905 14:43:38.945"/>
</kw>
<status status="PASS" starttime="20230905 14:43:36.519" endtime="20230905 14:43:38.945"/>
</kw>
<kw name="Verify Login page Navigate to HomePage" library="guru99_login">
<kw name="Wait Until Page Contains Element" library="SeleniumLibrary">
<arg>${Login_successful_msg_xpath}</arg>
<arg>timeout=20s</arg>
<doc>Waits until the element ``locator`` appears on the current page.</doc>
<status status="PASS" starttime="20230905 14:43:38.945" endtime="20230905 14:43:38.967"/>
</kw>
<kw name="Get Text" library="SeleniumLibrary">
<var>${word}</var>
<arg>${Login_successful_msg_xpath}</arg>
<doc>Returns the text value of the element identified by ``locator``.</doc>
<msg timestamp="20230905 14:43:39.002" level="INFO">${word} = Login Successfully</msg>
<status status="PASS" starttime="20230905 14:43:38.968" endtime="20230905 14:43:39.002"/>
</kw>
<kw name="Run Keyword If" library="BuiltIn">
<arg>"${word}" != "Login Successfully"</arg>
<arg>Log</arg>
<arg>It's not navigated to the home page</arg>
<doc>Runs the given keyword with the given arguments, if ``condition`` is true.</doc>
<status status="PASS" starttime="20230905 14:43:39.002" endtime="20230905 14:43:39.002"/>
</kw>
<kw name="Close Browser" library="SeleniumLibrary" type="TEARDOWN">
<doc>Closes the current browser.</doc>
<status status="PASS" starttime="20230905 14:43:39.002" endtime="20230905 14:43:41.147"/>
</kw>
<status status="PASS" starttime="20230905 14:43:38.945" endtime="20230905 14:43:41.148"/>
</kw>
<kw name="Close Browser" library="SeleniumLibrary">
<doc>Closes the current browser.</doc>
<status status="PASS" starttime="20230905 14:43:41.149" endtime="20230905 14:43:41.150"/>
</kw>
<status status="PASS" starttime="20230905 14:43:29.961" endtime="20230905 14:43:41.151"/>
</test>
<status status="PASS" starttime="20230905 14:43:29.575" endtime="20230905 14:43:41.157"/>
</suite>
<statistics>
<total>
<stat pass="1" fail="0" skip="0">All Tests</stat>
</total>
<tag>
</tag>
<suite>
<stat pass="1" fail="0" skip="0" id="s1" name="Testcase2">Testcase2</stat>
</suite>
</statistics>
<errors>
</errors>
</robot>
