<?xml version="1.0" encoding="UTF-8"?>
<robot generator="Robot 6.1.1 (Python 3.11.5 on win32)" generated="20230905 12:21:21.371" rpa="false" schemaversion="4">
<suite id="s1" name="Testcase2" source="C:\Users\Sowjanya N-3147\Documents\python programs\Robot_12\Robot_Framework\framework\TestCycles\Module2\Testscenerio\testcase2.robot">
<test id="s1-t1" name="Verify the registration page filling with valid data into relevant fields" line="6">
<kw name="Launch the Para Registration Form Website" library="para_registrationPO">
<kw name="Lanuch Browser" library="common_keywords">
<arg>${para_registration_portal}</arg>
<kw name="Open Browser" library="SeleniumLibrary">
<arg>${url}</arg>
<arg>chrome</arg>
<doc>Opens a new browser instance to the optional ``url``.</doc>
<msg timestamp="20230905 12:21:21.601" level="INFO">Opening browser 'chrome' to base url 'https://parabank.parasoft.com/parabank/register.htm'.</msg>
<status status="PASS" starttime="20230905 12:21:21.601" endtime="20230905 12:21:28.316"/>
</kw>
<status status="PASS" starttime="20230905 12:21:21.600" endtime="20230905 12:21:28.316"/>
</kw>
<status status="PASS" starttime="20230905 12:21:21.600" endtime="20230905 12:21:28.316"/>
</kw>
<kw name="Fill with Valid Data Into Appropriate Fields" library="para_registrationPO">
<kw name="Input Text" library="SeleniumLibrary">
<arg>${firstname_xpath}</arg>
<arg>${firstname}</arg>
<doc>Types the given ``text`` into the text field identified by ``locator``.</doc>
<msg timestamp="20230905 12:21:28.324" level="INFO">Typing text 'thippeswamy2' into text field 'xpath://form[@id='customerForm']/table//descendant::input[@name='customer.firstName']'.</msg>
<status status="PASS" starttime="20230905 12:21:28.321" endtime="20230905 12:21:28.622"/>
</kw>
<kw name="Input Text" library="SeleniumLibrary">
<arg>${lastname_xpath}</arg>
<arg>${lastname}</arg>
<doc>Types the given ``text`` into the text field identified by ``locator``.</doc>
<msg timestamp="20230905 12:21:28.624" level="INFO">Typing text 'uppara' into text field 'xpath://form[@id='customerForm']/table//descendant::input[@name='customer.lastName']'.</msg>
<status status="PASS" starttime="20230905 12:21:28.622" endtime="20230905 12:21:28.724"/>
</kw>
<kw name="Input Text" library="SeleniumLibrary">
<arg>${address_xpath}</arg>
<arg>${address}</arg>
<doc>Types the given ``text`` into the text field identified by ``locator``.</doc>
<msg timestamp="20230905 12:21:28.724" level="INFO">Typing text '1-192' into text field 'xpath://form[@id='customerForm']/table//descendant::input[@name='customer.address.street']'.</msg>
<status status="PASS" starttime="20230905 12:21:28.724" endtime="20230905 12:21:28.822"/>
</kw>
<kw name="Input Text" library="SeleniumLibrary">
<arg>${city_xpath}</arg>
<arg>${city}</arg>
<doc>Types the given ``text`` into the text field identified by ``locator``.</doc>
<msg timestamp="20230905 12:21:28.822" level="INFO">Typing text 'Bengaluru' into text field 'xpath://form[@id='customerForm']/table//descendant::input[@name='customer.address.city']'.</msg>
<status status="PASS" starttime="20230905 12:21:28.822" endtime="20230905 12:21:29.015"/>
</kw>
<kw name="Input Text" library="SeleniumLibrary">
<arg>${state_xpath}</arg>
<arg>${state}</arg>
<doc>Types the given ``text`` into the text field identified by ``locator``.</doc>
<msg timestamp="20230905 12:21:29.015" level="INFO">Typing text 'Karnataka' into text field 'xpath://form[@id='customerForm']/table//descendant::input[@name='customer.address.state']'.</msg>
<status status="PASS" starttime="20230905 12:21:29.015" endtime="20230905 12:21:29.169"/>
</kw>
<kw name="Input Text" library="SeleniumLibrary">
<arg>${postalcode_xpath}</arg>
<arg>${postalcode}</arg>
<doc>Types the given ``text`` into the text field identified by ``locator``.</doc>
<msg timestamp="20230905 12:21:29.170" level="INFO">Typing text '515870' into text field 'xpath://form[@id='customerForm']/table//descendant::input[@name='customer.address.zipCode']'.</msg>
<status status="PASS" starttime="20230905 12:21:29.169" endtime="20230905 12:21:29.362"/>
</kw>
<kw name="Input Text" library="SeleniumLibrary">
<arg>${phone_xpath}</arg>
<arg>${phone}</arg>
<doc>Types the given ``text`` into the text field identified by ``locator``.</doc>
<msg timestamp="20230905 12:21:29.363" level="INFO">Typing text '9550084492' into text field 'xpath://form[@id='customerForm']/table//descendant::input[@name='customer.phoneNumber']'.</msg>
<status status="PASS" starttime="20230905 12:21:29.362" endtime="20230905 12:21:29.533"/>
</kw>
<kw name="Input Text" library="SeleniumLibrary">
<arg>${ssn_xpath}</arg>
<arg>${ssn}</arg>
<doc>Types the given ``text`` into the text field identified by ``locator``.</doc>
<msg timestamp="20230905 12:21:29.535" level="INFO">Typing text '12345' into text field 'xpath://form[@id='customerForm']//descendant::input[@name='customer.ssn']'.</msg>
<status status="PASS" starttime="20230905 12:21:29.534" endtime="20230905 12:21:29.685"/>
</kw>
<kw name="Input Text" library="SeleniumLibrary">
<arg>${username_xpath}</arg>
<arg>${username}</arg>
<doc>Types the given ``text`` into the text field identified by ``locator``.</doc>
<msg timestamp="20230905 12:21:29.686" level="INFO">Typing text 'thippeswamy' into text field 'xpath://form[@id='customerForm']/table//descendant::input[@name='customer.username']'.</msg>
<status status="PASS" starttime="20230905 12:21:29.686" endtime="20230905 12:21:29.881"/>
</kw>
<kw name="Input Text" library="SeleniumLibrary">
<arg>${password_xpath}</arg>
<arg>${password}</arg>
<doc>Types the given ``text`` into the text field identified by ``locator``.</doc>
<msg timestamp="20230905 12:21:29.882" level="INFO">Typing text '12345678' into text field 'xpath://form[@id='customerForm']/table//descendant::input[@name='customer.password']'.</msg>
<status status="PASS" starttime="20230905 12:21:29.881" endtime="20230905 12:21:30.055"/>
</kw>
<kw name="Input Text" library="SeleniumLibrary">
<arg>${confirm_password_xpath}</arg>
<arg>${confirm_password}</arg>
<doc>Types the given ``text`` into the text field identified by ``locator``.</doc>
<msg timestamp="20230905 12:21:30.056" level="INFO">Typing text '12345678' into text field 'xpath://form[@id='customerForm']/table//descendant::input[@name='repeatedPassword']'.</msg>
<status status="PASS" starttime="20230905 12:21:30.055" endtime="20230905 12:21:30.240"/>
</kw>
<status status="PASS" starttime="20230905 12:21:28.319" endtime="20230905 12:21:30.242"/>
</kw>
<kw name="Click on Register Button" library="para_registrationPO">
<kw name="Click On Button" library="common_keywords">
<arg>${register_button_xpath}</arg>
<kw name="Click Button" library="SeleniumLibrary">
<arg>${Button_xpath}</arg>
<doc>Clicks the button identified by ``locator``.</doc>
<msg timestamp="20230905 12:21:30.244" level="INFO">Clicking button 'xpath://form[@id='customerForm']/table//descendant::input[@class='button']'.</msg>
<status status="PASS" starttime="20230905 12:21:30.243" endtime="20230905 12:21:32.397"/>
</kw>
<status status="PASS" starttime="20230905 12:21:30.242" endtime="20230905 12:21:32.397"/>
</kw>
<status status="PASS" starttime="20230905 12:21:30.242" endtime="20230905 12:21:32.398"/>
</kw>
<kw name="Close Browser windows" library="para_registrationPO">
<kw name="Close All Browsers" library="SeleniumLibrary">
<doc>Closes all open browsers and resets the browser cache.</doc>
<status status="PASS" starttime="20230905 12:21:32.398" endtime="20230905 12:21:38.612"/>
</kw>
<status status="PASS" starttime="20230905 12:21:32.398" endtime="20230905 12:21:38.613"/>
</kw>
<status status="PASS" starttime="20230905 12:21:21.598" endtime="20230905 12:21:38.615"/>
</test>
<status status="PASS" starttime="20230905 12:21:21.373" endtime="20230905 12:21:38.620"/>
</suite>
<statistics>
<total>
<stat pass="1" fail="0" skip="0">All Tests</stat>
</total>
<tag>
</tag>
<suite>
<stat pass="1" fail="0" skip="0" id="s1" name="Testcase2">Testcase2</stat>
</suite>
</statistics>
<errors>
</errors>
</robot>
